2024-06-14 22:53:15,131 INFO o.a.j.u.JMeterUtils: Setting Locale to en_EN
2024-06-14 22:53:15,176 INFO o.a.j.JMeter: Loading user properties from: E:\apache-jmeter-5.6.3\bin\user.properties
2024-06-14 22:53:15,189 INFO o.a.j.JMeter: Loading system properties from: E:\apache-jmeter-5.6.3\bin\system.properties
2024-06-14 22:53:15,198 INFO o.a.j.JMeter: Copyright (c) 1998-2024 The Apache Software Foundation
2024-06-14 22:53:15,198 INFO o.a.j.JMeter: Version 5.6.3
2024-06-14 22:53:15,199 INFO o.a.j.JMeter: java.version=17.0.10
2024-06-14 22:53:15,199 INFO o.a.j.JMeter: java.vm.name=Java HotSpot(TM) 64-Bit Server VM
2024-06-14 22:53:15,199 INFO o.a.j.JMeter: os.name=Windows 11
2024-06-14 22:53:15,199 INFO o.a.j.JMeter: os.arch=amd64
2024-06-14 22:53:15,199 INFO o.a.j.JMeter: os.version=10.0
2024-06-14 22:53:15,199 INFO o.a.j.JMeter: file.encoding=Cp1252
2024-06-14 22:53:15,199 INFO o.a.j.JMeter: java.awt.headless=true
2024-06-14 22:53:15,199 INFO o.a.j.JMeter: Max memory     =1073741824
2024-06-14 22:53:15,199 INFO o.a.j.JMeter: Available Processors =4
2024-06-14 22:53:15,212 INFO o.a.j.JMeter: Default Locale=English (EN)
2024-06-14 22:53:15,212 INFO o.a.j.JMeter: JMeter  Locale=English (EN)
2024-06-14 22:53:15,212 INFO o.a.j.JMeter: JMeterHome=E:\apache-jmeter-5.6.3
2024-06-14 22:53:15,212 INFO o.a.j.JMeter: user.dir  =E:\apache-jmeter-5.6.3\bin\tanbn
2024-06-14 22:53:15,213 INFO o.a.j.JMeter: PWD       =E:\apache-jmeter-5.6.3\bin\tanbn
2024-06-14 22:53:15,224 INFO o.a.j.JMeter: IP: 192.168.1.100 Name: DESKTOP-0QIN77L FullName: DESKTOP-0QIN77L.W4
2024-06-14 22:53:15,248 INFO o.a.j.JMeter: Setting property 'jmeter.reportgenerator.outputdir' to:'E:\apache-jmeter-5.6.3\bin\tanbn\Reports'
2024-06-14 22:53:15,253 INFO o.a.j.s.FileServer: Default base='E:\apache-jmeter-5.6.3\bin\tanbn'
2024-06-14 22:53:15,255 INFO o.a.j.s.FileServer: Set new base='E:\apache-jmeter-5.6.3\bin\tanbn\.'
2024-06-14 22:53:15,555 INFO o.a.j.s.SaveService: Testplan (JMX) version: 2.2. Testlog (JTL) version: 2.2
2024-06-14 22:53:15,609 INFO o.a.j.s.SaveService: Using SaveService properties version 5.0
2024-06-14 22:53:15,615 INFO o.a.j.s.SaveService: Using SaveService properties file encoding UTF-8
2024-06-14 22:53:15,620 INFO o.a.j.s.SaveService: Loading file: .\Assignment_4.jmx
2024-06-14 22:53:15,855 INFO o.a.j.p.h.s.HTTPSamplerBase: Parser for text/html is org.apache.jmeter.protocol.http.parser.LagartoBasedHtmlParser
2024-06-14 22:53:15,855 INFO o.a.j.p.h.s.HTTPSamplerBase: Parser for application/xhtml+xml is org.apache.jmeter.protocol.http.parser.LagartoBasedHtmlParser
2024-06-14 22:53:15,855 INFO o.a.j.p.h.s.HTTPSamplerBase: Parser for application/xml is org.apache.jmeter.protocol.http.parser.LagartoBasedHtmlParser
2024-06-14 22:53:15,855 INFO o.a.j.p.h.s.HTTPSamplerBase: Parser for text/xml is org.apache.jmeter.protocol.http.parser.LagartoBasedHtmlParser
2024-06-14 22:53:15,855 INFO o.a.j.p.h.s.HTTPSamplerBase: Parser for text/vnd.wap.wml is org.apache.jmeter.protocol.http.parser.RegexpHTMLParser
2024-06-14 22:53:15,855 INFO o.a.j.p.h.s.HTTPSamplerBase: Parser for text/css is org.apache.jmeter.protocol.http.parser.CssParser
2024-06-14 22:53:15,910 INFO o.a.j.JMeter: Creating summariser <summary>
2024-06-14 22:53:15,915 INFO o.a.j.r.d.ReportGenerator: ReportGenerator will use for Parsing the separator: ','
2024-06-14 22:53:15,916 INFO o.a.j.r.d.ReportGenerator: Will generate report at end of test from  results file: .\Assignment_4.jtl
2024-06-14 22:53:15,916 INFO o.a.j.r.d.ReportGenerator: Reading report generator properties from: E:\apache-jmeter-5.6.3\bin\reportgenerator.properties
2024-06-14 22:53:15,933 INFO o.a.j.r.d.ReportGenerator: Merging with JMeter properties
2024-06-14 22:53:15,940 INFO o.a.j.r.c.ReportGeneratorConfiguration: Property 'jmeter.reportgenerator.temp_dir' not found, using default value 'temp' instead.
2024-06-14 22:53:15,943 INFO o.a.j.r.c.ReportGeneratorConfiguration: Property 'jmeter.reportgenerator.apdex_per_transaction' not found, using default value 'null' instead.
2024-06-14 22:53:15,943 INFO o.a.j.r.c.ReportGeneratorConfiguration: apdex_per_transaction is empty, not APDEX per transaction customization
2024-06-14 22:53:15,943 INFO o.a.j.r.c.ReportGeneratorConfiguration: Property 'jmeter.reportgenerator.sample_filter' not found, using default value 'null' instead.
2024-06-14 22:53:15,943 INFO o.a.j.r.c.ReportGeneratorConfiguration: Property 'jmeter.reportgenerator.report_title' not found, using default value 'null' instead.
2024-06-14 22:53:15,943 INFO o.a.j.r.c.ReportGeneratorConfiguration: Property 'jmeter.reportgenerator.start_date' not found, using default value 'null' instead.
2024-06-14 22:53:15,943 INFO o.a.j.r.c.ReportGeneratorConfiguration: Property 'jmeter.reportgenerator.end_date' not found, using default value 'null' instead.
2024-06-14 22:53:15,943 INFO o.a.j.r.c.ReportGeneratorConfiguration: Property 'jmeter.reportgenerator.date_format' not found, using default value 'null' instead.
2024-06-14 22:53:15,944 INFO o.a.j.r.c.ReportGeneratorConfiguration: Will use date range start date: null, end date: null
2024-06-14 22:53:15,948 INFO o.a.j.r.c.ReportGeneratorConfiguration: Property 'jmeter.reportgenerator.graph.totalTPS.exclude_controllers' not found, using default value 'false' instead.
2024-06-14 22:53:15,949 INFO o.a.j.r.c.ReportGeneratorConfiguration: Property 'jmeter.reportgenerator.graph.activeThreadsOverTime.exclude_controllers' not found, using default value 'false' instead.
2024-06-14 22:53:15,949 INFO o.a.j.r.c.ReportGeneratorConfiguration: Property 'jmeter.reportgenerator.graph.timeVsThreads.exclude_controllers' not found, using default value 'false' instead.
2024-06-14 22:53:15,949 INFO o.a.j.r.c.ReportGeneratorConfiguration: Property 'jmeter.reportgenerator.graph.responseTimeDistribution.exclude_controllers' not found, using default value 'false' instead.
2024-06-14 22:53:15,949 INFO o.a.j.r.c.ReportGeneratorConfiguration: Property 'jmeter.reportgenerator.graph.transactionsPerSecond.exclude_controllers' not found, using default value 'false' instead.
2024-06-14 22:53:15,949 INFO o.a.j.r.c.ReportGeneratorConfiguration: Property 'jmeter.reportgenerator.graph.responseTimePercentiles.exclude_controllers' not found, using default value 'false' instead.
2024-06-14 22:53:15,949 INFO o.a.j.r.c.ReportGeneratorConfiguration: Property 'jmeter.reportgenerator.graph.responseTimePercentilesOverTime.exclude_controllers' not found, using default value 'false' instead.
2024-06-14 22:53:15,949 INFO o.a.j.r.c.ReportGeneratorConfiguration: Property 'jmeter.reportgenerator.graph.responseTimesOverTime.exclude_controllers' not found, using default value 'false' instead.
2024-06-14 22:53:15,950 INFO o.a.j.r.c.ReportGeneratorConfiguration: Property 'jmeter.reportgenerator.graph.connectTimeOverTime.exclude_controllers' not found, using default value 'false' instead.
2024-06-14 22:53:15,950 INFO o.a.j.r.c.ReportGeneratorConfiguration: Property 'jmeter.reportgenerator.graph.latenciesOverTime.exclude_controllers' not found, using default value 'false' instead.
2024-06-14 22:53:15,953 INFO o.a.j.r.c.ReportGeneratorConfiguration: Property 'jmeter.reportgenerator.exporter.json.filters_only_sample_series' not found, using default value 'true' instead.
2024-06-14 22:53:15,953 INFO o.a.j.r.c.ReportGeneratorConfiguration: Property 'jmeter.reportgenerator.exporter.json.series_filter' not found, using default value '' instead.
2024-06-14 22:53:15,953 INFO o.a.j.r.c.ReportGeneratorConfiguration: Property 'jmeter.reportgenerator.exporter.json.show_controllers_only' not found, using default value 'false' instead.
2024-06-14 22:53:15,954 INFO o.a.j.r.c.ReportGeneratorConfiguration: Property 'jmeter.reportgenerator.exporter.html.filters_only_sample_series' not found, using default value 'true' instead.
2024-06-14 22:53:15,954 INFO o.a.j.r.c.ReportGeneratorConfiguration: Property 'jmeter.reportgenerator.exporter.html.series_filter' not found, using default value '' instead.
2024-06-14 22:53:15,954 INFO o.a.j.r.c.ReportGeneratorConfiguration: Property 'jmeter.reportgenerator.exporter.html.show_controllers_only' not found, using default value 'false' instead.
2024-06-14 22:53:15,991 INFO o.a.j.e.StandardJMeterEngine: Running the test!
2024-06-14 22:53:16,003 INFO o.a.j.s.SampleEvent: List of sample_variables: []
2024-06-14 22:53:16,003 INFO o.a.j.s.SampleEvent: List of sample_variables: []
2024-06-14 22:53:16,013 INFO o.a.j.e.u.CompoundVariable: Note: Function class names must contain the string: '.functions.'
2024-06-14 22:53:16,014 INFO o.a.j.e.u.CompoundVariable: Note: Function class names must not contain the string: '.gui.'
2024-06-14 22:53:16,130 INFO o.a.j.JMeter: Running test (1718383996130)
2024-06-14 22:53:16,160 INFO o.a.j.e.StandardJMeterEngine: Starting ThreadGroup: 1 : Thread Group
2024-06-14 22:53:16,160 INFO o.a.j.e.StandardJMeterEngine: Starting 1 threads for group Thread Group.
2024-06-14 22:53:16,160 INFO o.a.j.e.StandardJMeterEngine: Thread will continue on error
2024-06-14 22:53:16,160 INFO o.a.j.t.ThreadGroup: Starting thread group... number=1 threads=1 ramp-up=1 delayedStart=false
2024-06-14 22:53:16,170 INFO o.a.j.t.ThreadGroup: Started thread group number 1
2024-06-14 22:53:16,170 INFO o.a.j.e.StandardJMeterEngine: All thread groups have been started
2024-06-14 22:53:16,178 INFO o.a.j.t.JMeterThread: Thread started: Thread Group 1-1
2024-06-14 22:53:16,215 INFO o.a.j.p.h.s.HTTPHCAbstractImpl: Local host = DESKTOP-0QIN77L
2024-06-14 22:53:16,226 INFO o.a.j.p.h.s.HTTPHC4Impl: HTTP request retry count = 0
2024-06-14 22:53:16,228 INFO o.a.j.s.SampleResult: Note: Sample TimeStamps are START times
2024-06-14 22:53:16,228 INFO o.a.j.s.SampleResult: sampleresult.default.encoding is set to UTF-8
2024-06-14 22:53:16,228 INFO o.a.j.s.SampleResult: sampleresult.useNanoTime=true
2024-06-14 22:53:16,228 INFO o.a.j.s.SampleResult: sampleresult.nanoThreadSleep=5000
2024-06-14 22:53:17,058 INFO o.a.j.t.JMeterThread: Thread is done: Thread Group 1-1
2024-06-14 22:53:17,059 INFO o.a.j.t.JMeterThread: Thread finished: Thread Group 1-1
2024-06-14 22:53:17,060 INFO o.a.j.e.StandardJMeterEngine: Notifying test listeners of end of test
2024-06-14 22:53:17,062 INFO o.a.j.r.Summariser: summary =      6 in 00:00:01 =    6.4/s Avg:   111 Min:    21 Max:   470 Err:     0 (0.00%)
2024-06-14 22:53:17,062 INFO o.a.j.JMeter: Generating Dashboard
2024-06-14 22:53:17,063 INFO o.a.j.r.d.ReportGenerator: Flushing result collector before report Generation
2024-06-14 22:53:17,084 INFO o.a.j.r.p.NormalizerSampleConsumer: Using format, 'ms', to parse timeStamp field
2024-06-14 22:53:17,213 INFO o.a.j.r.p.AbstractSampleConsumer: class org.apache.jmeter.report.processor.AggregateConsumer#stopProducing(): beginDate produced 0 samples
2024-06-14 22:53:17,213 INFO o.a.j.r.p.AbstractSampleConsumer: class org.apache.jmeter.report.processor.AggregateConsumer#stopProducing(): endDate produced 0 samples
2024-06-14 22:53:17,216 INFO o.a.j.r.p.AbstractSampleConsumer: class org.apache.jmeter.report.processor.ApdexSummaryConsumer#stopProducing(): apdexSummary produced 0 samples
2024-06-14 22:53:17,216 INFO o.a.j.r.p.AbstractSampleConsumer: class org.apache.jmeter.report.processor.RequestsSummaryConsumer#stopProducing(): requestsSummary produced 0 samples
2024-06-14 22:53:17,226 INFO o.a.j.r.p.AbstractSampleConsumer: class org.apache.jmeter.report.processor.StatisticsSummaryConsumer#stopProducing(): statisticsSummary produced 0 samples
2024-06-14 22:53:17,228 INFO o.a.j.r.p.AbstractSampleConsumer: class org.apache.jmeter.report.processor.Top5ErrorsBySamplerConsumer#stopProducing(): top5ErrorsBySampler produced 0 samples
2024-06-14 22:53:17,229 INFO o.a.j.r.p.AbstractSampleConsumer: class org.apache.jmeter.report.processor.ErrorsSummaryConsumer#stopProducing(): errorsSummary produced 0 samples
2024-06-14 22:53:17,229 INFO o.a.j.r.p.AbstractSampleConsumer: class org.apache.jmeter.report.processor.graph.impl.HitsPerSecondGraphConsumer#stopProducing(): hitsPerSecond produced 0 samples
2024-06-14 22:53:17,255 INFO o.a.j.r.p.AbstractSampleConsumer: class org.apache.jmeter.report.processor.graph.impl.LatencyVSRequestGraphConsumer#stopProducing(): latencyVsRequest produced 0 samples
2024-06-14 22:53:17,255 INFO o.a.j.r.p.AbstractSampleConsumer: class org.apache.jmeter.report.processor.graph.impl.SyntheticResponseTimeDistributionGraphConsumer#stopProducing(): syntheticResponseTimeDistribution produced 0 samples
2024-06-14 22:53:17,255 INFO o.a.j.r.p.AbstractSampleConsumer: class org.apache.jmeter.report.processor.graph.impl.BytesThroughputGraphConsumer#stopProducing(): bytesThroughputOverTime produced 0 samples
2024-06-14 22:53:17,256 INFO o.a.j.r.p.AbstractSampleConsumer: class org.apache.jmeter.report.processor.graph.impl.CodesPerSecondGraphConsumer#stopProducing(): codesPerSecond produced 0 samples
2024-06-14 22:53:17,260 INFO o.a.j.r.p.AbstractSampleConsumer: class org.apache.jmeter.report.processor.graph.impl.ResponseTimeVSRequestGraphConsumer#stopProducing(): responseTimeVsRequest produced 0 samples
2024-06-14 22:53:17,260 INFO o.a.j.r.p.AbstractSampleConsumer: class org.apache.jmeter.report.processor.FilterConsumer#stopProducing(): startIntervalControlerFilter produced 42 samples
2024-06-14 22:53:17,260 INFO o.a.j.r.p.AbstractSampleConsumer: class org.apache.jmeter.report.processor.graph.impl.TotalTPSGraphConsumer#stopProducing(): totalTPS produced 0 samples
2024-06-14 22:53:17,260 INFO o.a.j.r.p.AbstractSampleConsumer: class org.apache.jmeter.report.processor.graph.impl.ActiveThreadsGraphConsumer#stopProducing(): activeThreadsOverTime produced 0 samples
2024-06-14 22:53:17,260 INFO o.a.j.r.p.AbstractSampleConsumer: class org.apache.jmeter.report.processor.graph.impl.TimeVSThreadGraphConsumer#stopProducing(): timeVsThreads produced 0 samples
2024-06-14 22:53:17,261 INFO o.a.j.r.p.AbstractSampleConsumer: class org.apache.jmeter.report.processor.graph.impl.ResponseTimeDistributionGraphConsumer#stopProducing(): responseTimeDistribution produced 0 samples
2024-06-14 22:53:17,261 INFO o.a.j.r.p.AbstractSampleConsumer: class org.apache.jmeter.report.processor.graph.impl.TransactionsPerSecondGraphConsumer#stopProducing(): transactionsPerSecond produced 0 samples
2024-06-14 22:53:17,262 INFO o.a.j.r.p.AbstractSampleConsumer: class org.apache.jmeter.report.processor.graph.impl.ResponseTimePercentilesGraphConsumer#stopProducing(): responseTimePercentiles produced 0 samples
2024-06-14 22:53:17,264 INFO o.a.j.r.p.AbstractSampleConsumer: class org.apache.jmeter.report.processor.graph.impl.ResponseTimePercentilesOverTimeGraphConsumer#stopProducing(): responseTimePercentilesOverTime produced 0 samples
2024-06-14 22:53:17,264 INFO o.a.j.r.p.AbstractSampleConsumer: class org.apache.jmeter.report.processor.graph.impl.ResponseTimeOverTimeGraphConsumer#stopProducing(): responseTimesOverTime produced 0 samples
2024-06-14 22:53:17,264 INFO o.a.j.r.p.AbstractSampleConsumer: class org.apache.jmeter.report.processor.graph.impl.ConnectTimeOverTimeGraphConsumer#stopProducing(): connectTimeOverTime produced 0 samples
2024-06-14 22:53:17,264 INFO o.a.j.r.p.AbstractSampleConsumer: class org.apache.jmeter.report.processor.graph.impl.LatencyOverTimeGraphConsumer#stopProducing(): latenciesOverTime produced 0 samples
2024-06-14 22:53:17,265 INFO o.a.j.r.p.AbstractSampleConsumer: class org.apache.jmeter.report.processor.FilterConsumer#stopProducing(): nameFilter produced 90 samples
2024-06-14 22:53:17,265 INFO o.a.j.r.p.AbstractSampleConsumer: class org.apache.jmeter.report.processor.FilterConsumer#stopProducing(): dateRangeFilter produced 18 samples
2024-06-14 22:53:17,265 INFO o.a.j.r.p.AbstractSampleConsumer: class org.apache.jmeter.report.processor.NormalizerSampleConsumer#stopProducing(): normalizer produced 6 samples
2024-06-14 22:53:17,265 INFO o.a.j.r.p.CsvFileSampleSource: produce(): 6 samples produced in 156ms on channel 0
2024-06-14 22:53:17,265 INFO o.a.j.r.d.ReportGenerator: Exporting data using exporter:'json' of className:'org.apache.jmeter.report.dashboard.JsonExporter'
2024-06-14 22:53:17,391 INFO o.a.j.r.d.JsonExporter: Found data for consumer statisticsSummary in context
2024-06-14 22:53:17,391 INFO o.a.j.r.d.JsonExporter: Creating statistics for overall
2024-06-14 22:53:17,392 INFO o.a.j.r.d.JsonExporter: Creating statistics for other transactions
2024-06-14 22:53:17,392 INFO o.a.j.r.d.JsonExporter: Checking output folder
2024-06-14 22:53:17,393 INFO o.a.j.r.d.JsonExporter: Writing statistics JSON to E:\apache-jmeter-5.6.3\bin\tanbn\Reports\statistics.json
2024-06-14 22:53:17,451 INFO o.a.j.r.d.ReportGenerator: Exporting data using exporter:'html' of className:'org.apache.jmeter.report.dashboard.HtmlTemplateExporter'
2024-06-14 22:53:17,455 INFO o.a.j.r.d.HtmlTemplateExporter: Will generate dashboard in folder: E:\apache-jmeter-5.6.3\bin\tanbn\Reports
2024-06-14 22:53:17,623 INFO o.a.j.r.d.HtmlTemplateExporter: Report will be generated in: E:\apache-jmeter-5.6.3\bin\tanbn\Reports, creating folder structure
2024-06-14 22:53:17,628 INFO o.a.j.r.d.TemplateVisitor: Copying folder from 'E:\apache-jmeter-5.6.3\bin\report-template' to 'E:\apache-jmeter-5.6.3\bin\tanbn\Reports', got message: E:\apache-jmeter-5.6.3\bin\tanbn\Reports, found non empty folder with following content [E:\apache-jmeter-5.6.3\bin\tanbn\Reports\statistics.json], will be ignored
2024-06-14 22:53:18,393 INFO o.a.j.JMeter: Dashboard generated
